Code/util/trmg2_support_functions.rsc
Code/util/extract_road_net.rsc
Code/util/extract_transit_net.rsc
Code/util/set_initial_speeds.rsc
Code/util/set_mode_field.rsc
Code/util/util_toolbox.rsc
Code/util/json.rsc
Code/util/input_data.rsc
Code/util/bus_speeds.rsc
Code/util/flowchart.rsc
Code/util/joinpath.rsc
Code/util/create_drive_net_map.rsc
Code/util/create_transit_net_map.rsc
Code/util/check_file_existence.rsc
Code/synthesis/trmg2_synthetic_generation.rsc
Code/steps/copy_files.rsc
Code/steps/initialize.rsc
Code/steps/build_drive_net.rsc
Code/steps/build_transit_net.rsc
Code/steps/build_nm_net.rsc
Code/steps/drive_skims.rsc
Code/steps/transit_skims.rsc
Code/steps/nm_skims.rsc
Code/steps/accessibility.rsc
Code/steps/production.rsc
Code/steps/attraction.rsc
Code/steps/balancing.rsc
Code/steps/distribution.rsc
Code/steps/modechoice.rsc
Code/steps/time_of_day.rsc
Code/steps/pa_od.rsc
Code/steps/vehicle_trips.rsc
Code/steps/assignment.rsc